[     307ms] [INFO] %cDownload the React DevTools for a better development experience: https://reactjs.org/link/react-devtools font-weight:bold @ webpack-internal:///(app-pages-browser)/./node_modules/next/dist/compiled/react-dom/cjs/react-dom.development.js:38559
[     374ms] [ERROR] Failed to load resource: the server responded with a status of 404 (Not Found) @ http://localhost:3000/favicon.ico:0
[     434ms] [LOG] [Fast Refresh] rebuilding @ webpack-internal:///(app-pages-browser)/./node_modules/next/dist/client/components/react-dev-overlay/app/hot-reloader-client.js:186
[     576ms] [LOG] [Fast Refresh] done in 142ms @ webpack-internal:///(app-pages-browser)/./node_modules/next/dist/client/components/react-dev-overlay/app/hot-reloader-client.js:43
[    4263ms] [LOG] [Fast Refresh] rebuilding @ webpack-internal:///(app-pages-browser)/./node_modules/next/dist/client/components/react-dev-overlay/app/hot-reloader-client.js:186
[    4335ms] [LOG] [Fast Refresh] done in 72ms @ webpack-internal:///(app-pages-browser)/./node_modules/next/dist/client/components/react-dev-overlay/app/hot-reloader-client.js:43
[   15752ms] [LOG] [Fast Refresh] rebuilding @ webpack-internal:///(app-pages-browser)/./node_modules/next/dist/client/components/react-dev-overlay/app/hot-reloader-client.js:186
[   15875ms] [LOG] [Fast Refresh] done in 124ms @ webpack-internal:///(app-pages-browser)/./node_modules/next/dist/client/components/react-dev-overlay/app/hot-reloader-client.js:43
[   35533ms] [LOG] [Fast Refresh] rebuilding @ webpack-internal:///(app-pages-browser)/./node_modules/next/dist/client/components/react-dev-overlay/app/hot-reloader-client.js:186
[   35591ms] [LOG] [Fast Refresh] done in 58ms @ webpack-internal:///(app-pages-browser)/./node_modules/next/dist/client/components/react-dev-overlay/app/hot-reloader-client.js:43
[   36323ms] [LOG] [Fast Refresh] rebuilding @ webpack-internal:///(app-pages-browser)/./node_modules/next/dist/client/components/react-dev-overlay/app/hot-reloader-client.js:186
[   36517ms] [LOG] [Fast Refresh] done in 194ms @ webpack-internal:///(app-pages-browser)/./node_modules/next/dist/client/components/react-dev-overlay/app/hot-reloader-client.js:43
[   40018ms] [LOG] [Fast Refresh] rebuilding @ webpack-internal:///(app-pages-browser)/./node_modules/next/dist/client/components/react-dev-overlay/app/hot-reloader-client.js:186
[   40107ms] [LOG] [Fast Refresh] done in 90ms @ webpack-internal:///(app-pages-browser)/./node_modules/next/dist/client/components/react-dev-overlay/app/hot-reloader-client.js:43
[   41745ms] [ERROR] Failed to load resource: the server responded with a status of 401 (Unauthorized) @ http://localhost:3000/api/v1/orders:0
[   44066ms] [VERBOSE] [DOM] Input elements should have autocomplete attributes (suggested: "current-password"): (More info: https://goo.gl/9p2vKq) %o @ http://localhost:3000/login:0
[   44295ms] [INFO] %cDownload the React DevTools for a better development experience: https://reactjs.org/link/react-devtools font-weight:bold @ webpack-internal:///(app-pages-browser)/./node_modules/next/dist/compiled/react-dom/cjs/react-dom.development.js:38559
[   47250ms] [LOG] [Fast Refresh] rebuilding @ webpack-internal:///(app-pages-browser)/./node_modules/next/dist/client/components/react-dev-overlay/app/hot-reloader-client.js:186
[   47319ms] [LOG] [Fast Refresh] done in 68ms @ webpack-internal:///(app-pages-browser)/./node_modules/next/dist/client/components/react-dev-overlay/app/hot-reloader-client.js:43
[   57642ms] [LOG] [Fast Refresh] rebuilding @ webpack-internal:///(app-pages-browser)/./node_modules/next/dist/client/components/react-dev-overlay/app/hot-reloader-client.js:186
[   57735ms] [LOG] [Fast Refresh] done in 94ms @ webpack-internal:///(app-pages-browser)/./node_modules/next/dist/client/components/react-dev-overlay/app/hot-reloader-client.js:43
[   75879ms] [LOG] [Fast Refresh] rebuilding @ webpack-internal:///(app-pages-browser)/./node_modules/next/dist/client/components/react-dev-overlay/app/hot-reloader-client.js:186
[   76582ms] [LOG] [Fast Refresh] done in 703ms @ webpack-internal:///(app-pages-browser)/./node_modules/next/dist/client/components/react-dev-overlay/app/hot-reloader-client.js:43
[   76925ms] [ERROR] Failed to load resource: the server responded with a status of 500 (Internal Server Error) @ http://localhost:3000/courses?_rsc=1hiep:0
[   76950ms] [ERROR] Failed to load resource: the server responded with a status of 500 (Internal Server Error) @ http://localhost:3000/courses?_rsc=17z1h:0
[   76973ms] [ERROR] Failed to load resource: the server responded with a status of 500 (Internal Server Error) @ http://localhost:3000/courses?_rsc=17z1h:0
[   76990ms] [ERROR] Failed to load resource: the server responded with a status of 500 (Internal Server Error) @ http://localhost:3000/courses?_rsc=17z1h:0
[   77013ms] [ERROR] Failed to load resource: the server responded with a status of 500 (Internal Server Error) @ http://localhost:3000/courses:0
[   77208ms] [INFO] %cDownload the React DevTools for a better development experience: https://reactjs.org/link/react-devtools font-weight:bold @ webpack-internal:///./node_modules/react-dom/cjs/react-dom.development.js:29889
[   77253ms] Error: Cannot find module './948.js'
Require stack:
- D:\funding\.next\server\webpack-runtime.js
- D:\funding\.next\server\pages\_document.js
- D:\funding\node_modules\next\dist\server\require.js
- D:\funding\node_modules\next\dist\server\load-components.js
- D:\funding\node_modules\next\dist\build\utils.js
- D:\funding\node_modules\next\dist\server\dev\hot-middleware.js
- D:\funding\node_modules\next\dist\server\dev\hot-reloader-webpack.js
- D:\funding\node_modules\next\dist\server\lib\router-utils\setup-dev-bundler.js
- D:\funding\node_modules\next\dist\server\lib\router-server.js
- D:\funding\node_modules\next\dist\server\lib\start-server.js
    at Module.<anonymous> (node:internal/modules/cjs/loader:1500:15)
    at <unknown> (file://D:\funding\node_modules\next\dist\server\require-hook.js:55:36)
    at wrapResolveFilename (node:internal/modules/cjs/loader:1071:27)
    at defaultResolveImplForCJSLoading (node:internal/modules/cjs/loader:1095:10)
    at resolveForCJSWithHooks (node:internal/modules/cjs/loader:1116:12)
    at Module._load (node:internal/modules/cjs/loader:1285:25)
    at wrapModuleLoad (node:internal/modules/cjs/loader:255:19)
    at Module.<anonymous> (node:internal/modules/cjs/loader:1600:12)
    at mod.require (file://D:\funding\node_modules\next\dist\server\require-hook.js:65:28)
    at require (node:internal/modules/helpers:153:16)
    at __webpack_require__.f.require (file://D:\funding\.next\server\webpack-runtime.js:198:28)
    at <unknown> (file://D:\funding\.next\server\webpack-runtime.js:111:40)
    at Array.reduce (<anonymous>)
    at __webpack_require__.e (file://D:\funding\.next\server\webpack-runtime.js:110:67)
    at Array.map (<anonymous>)
    at __webpack_require__.X (file://D:\funding\.next\server\webpack-runtime.js:162:22)
    at <unknown> (file://D:\funding\.next\server\app\(website)\courses\page.js:1:5758)
    at Object.<anonymous> (file://D:\funding\.next\server\app\(website)\courses\page.js:1:5807)
    at Module._compile (node:internal/modules/cjs/loader:1854:14)
    at Object..js (node:internal/modules/cjs/loader:1985:10)
    at Module.load (node:internal/modules/cjs/loader:1577:32)
    at Module._load (node:internal/modules/cjs/loader:1379:12)
    at wrapModuleLoad (node:internal/modules/cjs/loader:255:19)
    at Module.<anonymous> (node:internal/modules/cjs/loader:1600:12)
    at mod.require (file://D:\funding\node_modules\next\dist\server\require-hook.js:65:28)
    at require (node:internal/modules/helpers:153:16)
    at requirePage (file://D:\funding\node_modules\next\dist\server\require.js:109:84)
    at <unknown> (file://D:\funding\node_modules\next\dist\server\load-components.js:103:84)
    at async loadComponentsImpl (file://D:\funding\node_modules\next\dist\server\load-components.js:103:26)
    at async DevServer.findPageComponentsImpl (file://D:\funding\node_modules\next\dist\server\next-server.js:714:36)
    at async DevServer.findPageComponents (file://D:\funding\node_modules\next\dist\server\dev\next-dev-server.js:577:20)
    at async DevServer.renderPageComponent (file://D:\funding\node_modules\next\dist\server\base-server.js:1910:24)
    at async DevServer.renderToResponseImpl (file://D:\funding\node_modules\next\dist\server\base-server.js:1962:32)
    at async DevServer.pipeImpl (file://D:\funding\node_modules\next\dist\server\base-server.js:922:25)
    at async NextNodeServer.handleCatchallRenderRequest (file://D:\funding\node_modules\next\dist\server\next-server.js:272:17)
    at async DevServer.handleRequestImpl (file://D:\funding\node_modules\next\dist\server\base-server.js:818:17)
    at async (file://D:\funding\node_modules\next\dist\server\dev\next-dev-server.js:339:20)
    at async Span.traceAsyncFn (file://D:\funding\node_modules\next\dist\trace\trace.js:154:20)
    at async DevServer.handleRequest (file://D:\funding\node_modules\next\dist\server\dev\next-dev-server.js:336:24)
    at async invokeRender (file://D:\funding\node_modules\next\dist\server\lib\router-server.js:179:21)
    at async handleRequest (file://D:\funding\node_modules\next\dist\server\lib\router-server.js:359:24)
    at async requestHandlerImpl (file://D:\funding\node_modules\next\dist\server\lib\router-server.js:383:13)
    at async Server.requestListener (file://D:\funding\node_modules\next\dist\server\lib\start-server.js:141:13)
[   77253ms] [LOG] [HMR] connected @ webpack-internal:///./node_modules/next/dist/client/components/react-dev-overlay/pages/websocket.js:38
[   81783ms] [ERROR] Failed to load resource: the server responded with a status of 500 (Internal Server Error) @ http://localhost:3000/login:0
[   81949ms] [INFO] %cDownload the React DevTools for a better development experience: https://reactjs.org/link/react-devtools font-weight:bold @ webpack-internal:///./node_modules/react-dom/cjs/react-dom.development.js:29889
[   81974ms] Error: Cannot find module './948.js'
Require stack:
- D:\funding\.next\server\webpack-runtime.js
- D:\funding\.next\server\pages\_document.js
- D:\funding\node_modules\next\dist\server\require.js
- D:\funding\node_modules\next\dist\server\load-components.js
- D:\funding\node_modules\next\dist\build\utils.js
- D:\funding\node_modules\next\dist\server\dev\hot-middleware.js
- D:\funding\node_modules\next\dist\server\dev\hot-reloader-webpack.js
- D:\funding\node_modules\next\dist\server\lib\router-utils\setup-dev-bundler.js
- D:\funding\node_modules\next\dist\server\lib\router-server.js
- D:\funding\node_modules\next\dist\server\lib\start-server.js
    at Module.<anonymous> (node:internal/modules/cjs/loader:1500:15)
    at <unknown> (file://D:\funding\node_modules\next\dist\server\require-hook.js:55:36)
    at wrapResolveFilename (node:internal/modules/cjs/loader:1071:27)
    at defaultResolveImplForCJSLoading (node:internal/modules/cjs/loader:1095:10)
    at resolveForCJSWithHooks (node:internal/modules/cjs/loader:1116:12)
    at Module._load (node:internal/modules/cjs/loader:1285:25)
    at wrapModuleLoad (node:internal/modules/cjs/loader:255:19)
    at Module.<anonymous> (node:internal/modules/cjs/loader:1600:12)
    at mod.require (file://D:\funding\node_modules\next\dist\server\require-hook.js:65:28)
    at require (node:internal/modules/helpers:153:16)
    at __webpack_require__.f.require (file://D:\funding\.next\server\webpack-runtime.js:198:28)
    at <unknown> (file://D:\funding\.next\server\webpack-runtime.js:111:40)
    at Array.reduce (<anonymous>)
    at __webpack_require__.e (file://D:\funding\.next\server\webpack-runtime.js:110:67)
    at Array.map (<anonymous>)
    at __webpack_require__.X (file://D:\funding\.next\server\webpack-runtime.js:162:22)
    at <unknown> (file://D:\funding\.next\server\app\(website)\login\page.js:1:5534)
    at Object.<anonymous> (file://D:\funding\.next\server\app\(website)\login\page.js:1:5583)
    at Module._compile (node:internal/modules/cjs/loader:1854:14)
    at Object..js (node:internal/modules/cjs/loader:1985:10)
    at Module.load (node:internal/modules/cjs/loader:1577:32)
    at Module._load (node:internal/modules/cjs/loader:1379:12)
    at wrapModuleLoad (node:internal/modules/cjs/loader:255:19)
    at Module.<anonymous> (node:internal/modules/cjs/loader:1600:12)
    at mod.require (file://D:\funding\node_modules\next\dist\server\require-hook.js:65:28)
    at require (node:internal/modules/helpers:153:16)
    at requirePage (file://D:\funding\node_modules\next\dist\server\require.js:109:84)
    at <unknown> (file://D:\funding\node_modules\next\dist\server\load-components.js:103:84)
    at async loadComponentsImpl (file://D:\funding\node_modules\next\dist\server\load-components.js:103:26)
    at async DevServer.findPageComponentsImpl (file://D:\funding\node_modules\next\dist\server\next-server.js:714:36)
    at async DevServer.findPageComponents (file://D:\funding\node_modules\next\dist\server\dev\next-dev-server.js:577:20)
    at async DevServer.renderPageComponent (file://D:\funding\node_modules\next\dist\server\base-server.js:1910:24)
    at async DevServer.renderToResponseImpl (file://D:\funding\node_modules\next\dist\server\base-server.js:1962:32)
    at async DevServer.pipeImpl (file://D:\funding\node_modules\next\dist\server\base-server.js:922:25)
    at async NextNodeServer.handleCatchallRenderRequest (file://D:\funding\node_modules\next\dist\server\next-server.js:272:17)
    at async DevServer.handleRequestImpl (file://D:\funding\node_modules\next\dist\server\base-server.js:818:17)
    at async (file://D:\funding\node_modules\next\dist\server\dev\next-dev-server.js:339:20)
    at async Span.traceAsyncFn (file://D:\funding\node_modules\next\dist\trace\trace.js:154:20)
    at async DevServer.handleRequest (file://D:\funding\node_modules\next\dist\server\dev\next-dev-server.js:336:24)
    at async invokeRender (file://D:\funding\node_modules\next\dist\server\lib\router-server.js:179:21)
    at async handleRequest (file://D:\funding\node_modules\next\dist\server\lib\router-server.js:359:24)
    at async requestHandlerImpl (file://D:\funding\node_modules\next\dist\server\lib\router-server.js:383:13)
    at async Server.requestListener (file://D:\funding\node_modules\next\dist\server\lib\start-server.js:141:13)
[   81974ms] [LOG] [HMR] connected @ webpack-internal:///./node_modules/next/dist/client/components/react-dev-overlay/pages/websocket.js:38
[   82515ms] [ERROR] Failed to load resource: the server responded with a status of 500 (Internal Server Error) @ http://localhost:3000/checkout:0
[   82620ms] [INFO] %cDownload the React DevTools for a better development experience: https://reactjs.org/link/react-devtools font-weight:bold @ webpack-internal:///./node_modules/react-dom/cjs/react-dom.development.js:29889
[   82628ms] Error: Cannot find module './948.js'
Require stack:
- D:\funding\.next\server\webpack-runtime.js
- D:\funding\.next\server\pages\_document.js
- D:\funding\node_modules\next\dist\server\require.js
- D:\funding\node_modules\next\dist\server\load-components.js
- D:\funding\node_modules\next\dist\build\utils.js
- D:\funding\node_modules\next\dist\server\dev\hot-middleware.js
- D:\funding\node_modules\next\dist\server\dev\hot-reloader-webpack.js
- D:\funding\node_modules\next\dist\server\lib\router-utils\setup-dev-bundler.js
- D:\funding\node_modules\next\dist\server\lib\router-server.js
- D:\funding\node_modules\next\dist\server\lib\start-server.js
    at Module.<anonymous> (node:internal/modules/cjs/loader:1500:15)
    at <unknown> (file://D:\funding\node_modules\next\dist\server\require-hook.js:55:36)
    at wrapResolveFilename (node:internal/modules/cjs/loader:1071:27)
    at defaultResolveImplForCJSLoading (node:internal/modules/cjs/loader:1095:10)
    at resolveForCJSWithHooks (node:internal/modules/cjs/loader:1116:12)
    at Module._load (node:internal/modules/cjs/loader:1285:25)
    at wrapModuleLoad (node:internal/modules/cjs/loader:255:19)
    at Module.<anonymous> (node:internal/modules/cjs/loader:1600:12)
    at mod.require (file://D:\funding\node_modules\next\dist\server\require-hook.js:65:28)
    at require (node:internal/modules/helpers:153:16)
    at __webpack_require__.f.require (file://D:\funding\.next\server\webpack-runtime.js:198:28)
    at <unknown> (file://D:\funding\.next\server\webpack-runtime.js:111:40)
    at Array.reduce (<anonymous>)
    at __webpack_require__.e (file://D:\funding\.next\server\webpack-runtime.js:110:67)
    at Array.map (<anonymous>)
    at __webpack_require__.X (file://D:\funding\.next\server\webpack-runtime.js:162:22)
    at <unknown> (file://D:\funding\.next\server\app\(website)\checkout\page.js:1:5298)
    at Object.<anonymous> (file://D:\funding\.next\server\app\(website)\checkout\page.js:1:5347)
    at Module._compile (node:internal/modules/cjs/loader:1854:14)
    at Object..js (node:internal/modules/cjs/loader:1985:10)
    at Module.load (node:internal/modules/cjs/loader:1577:32)
    at Module._load (node:internal/modules/cjs/loader:1379:12)
    at wrapModuleLoad (node:internal/modules/cjs/loader:255:19)
    at Module.<anonymous> (node:internal/modules/cjs/loader:1600:12)
    at mod.require (file://D:\funding\node_modules\next\dist\server\require-hook.js:65:28)
    at require (node:internal/modules/helpers:153:16)
    at requirePage (file://D:\funding\node_modules\next\dist\server\require.js:109:84)
    at <unknown> (file://D:\funding\node_modules\next\dist\server\load-components.js:103:84)
    at async loadComponentsImpl (file://D:\funding\node_modules\next\dist\server\load-components.js:103:26)
    at async DevServer.findPageComponentsImpl (file://D:\funding\node_modules\next\dist\server\next-server.js:714:36)
    at async DevServer.findPageComponents (file://D:\funding\node_modules\next\dist\server\dev\next-dev-server.js:577:20)
    at async DevServer.renderPageComponent (file://D:\funding\node_modules\next\dist\server\base-server.js:1910:24)
    at async DevServer.renderToResponseImpl (file://D:\funding\node_modules\next\dist\server\base-server.js:1962:32)
    at async DevServer.pipeImpl (file://D:\funding\node_modules\next\dist\server\base-server.js:922:25)
    at async NextNodeServer.handleCatchallRenderRequest (file://D:\funding\node_modules\next\dist\server\next-server.js:272:17)
    at async DevServer.handleRequestImpl (file://D:\funding\node_modules\next\dist\server\base-server.js:818:17)
    at async (file://D:\funding\node_modules\next\dist\server\dev\next-dev-server.js:339:20)
    at async Span.traceAsyncFn (file://D:\funding\node_modules\next\dist\trace\trace.js:154:20)
    at async DevServer.handleRequest (file://D:\funding\node_modules\next\dist\server\dev\next-dev-server.js:336:24)
    at async invokeRender (file://D:\funding\node_modules\next\dist\server\lib\router-server.js:179:21)
    at async handleRequest (file://D:\funding\node_modules\next\dist\server\lib\router-server.js:359:24)
    at async requestHandlerImpl (file://D:\funding\node_modules\next\dist\server\lib\router-server.js:383:13)
    at async Server.requestListener (file://D:\funding\node_modules\next\dist\server\lib\start-server.js:141:13)
[   82627ms] [LOG] [HMR] connected @ webpack-internal:///./node_modules/next/dist/client/components/react-dev-overlay/pages/websocket.js:38
[   83080ms] [ERROR] Failed to load resource: the server responded with a status of 500 (Internal Server Error) @ http://localhost:3000/courses/course-pm:0
[   83190ms] [INFO] %cDownload the React DevTools for a better development experience: https://reactjs.org/link/react-devtools font-weight:bold @ webpack-internal:///./node_modules/react-dom/cjs/react-dom.development.js:29889
[   83200ms] Error: Cannot find module './948.js'
Require stack:
- D:\funding\.next\server\webpack-runtime.js
- D:\funding\.next\server\pages\_document.js
- D:\funding\node_modules\next\dist\server\require.js
- D:\funding\node_modules\next\dist\server\load-components.js
- D:\funding\node_modules\next\dist\build\utils.js
- D:\funding\node_modules\next\dist\server\dev\hot-middleware.js
- D:\funding\node_modules\next\dist\server\dev\hot-reloader-webpack.js
- D:\funding\node_modules\next\dist\server\lib\router-utils\setup-dev-bundler.js
- D:\funding\node_modules\next\dist\server\lib\router-server.js
- D:\funding\node_modules\next\dist\server\lib\start-server.js
    at Module.<anonymous> (node:internal/modules/cjs/loader:1500:15)
    at <unknown> (file://D:\funding\node_modules\next\dist\server\require-hook.js:55:36)
    at wrapResolveFilename (node:internal/modules/cjs/loader:1071:27)
    at defaultResolveImplForCJSLoading (node:internal/modules/cjs/loader:1095:10)
    at resolveForCJSWithHooks (node:internal/modules/cjs/loader:1116:12)
    at Module._load (node:internal/modules/cjs/loader:1285:25)
    at wrapModuleLoad (node:internal/modules/cjs/loader:255:19)
    at Module.<anonymous> (node:internal/modules/cjs/loader:1600:12)
    at mod.require (file://D:\funding\node_modules\next\dist\server\require-hook.js:65:28)
    at require (node:internal/modules/helpers:153:16)
    at __webpack_require__.f.require (file://D:\funding\.next\server\webpack-runtime.js:198:28)
    at <unknown> (file://D:\funding\.next\server\webpack-runtime.js:111:40)
    at Array.reduce (<anonymous>)
    at __webpack_require__.e (file://D:\funding\.next\server\webpack-runtime.js:110:67)
    at Array.map (<anonymous>)
    at __webpack_require__.X (file://D:\funding\.next\server\webpack-runtime.js:162:22)
    at <unknown> (file://D:\funding\.next\server\app\(website)\courses\[id]\page.js:1:7365)
    at Object.<anonymous> (file://D:\funding\.next\server\app\(website)\courses\[id]\page.js:1:7414)
    at Module._compile (node:internal/modules/cjs/loader:1854:14)
    at Object..js (node:internal/modules/cjs/loader:1985:10)
    at Module.load (node:internal/modules/cjs/loader:1577:32)
    at Module._load (node:internal/modules/cjs/loader:1379:12)
    at wrapModuleLoad (node:internal/modules/cjs/loader:255:19)
    at Module.<anonymous> (node:internal/modules/cjs/loader:1600:12)
    at mod.require (file://D:\funding\node_modules\next\dist\server\require-hook.js:65:28)
    at require (node:internal/modules/helpers:153:16)
    at requirePage (file://D:\funding\node_modules\next\dist\server\require.js:109:84)
    at <unknown> (file://D:\funding\node_modules\next\dist\server\load-components.js:103:84)
    at async loadComponentsImpl (file://D:\funding\node_modules\next\dist\server\load-components.js:103:26)
    at async DevServer.findPageComponentsImpl (file://D:\funding\node_modules\next\dist\server\next-server.js:714:36)
    at async DevServer.findPageComponents (file://D:\funding\node_modules\next\dist\server\dev\next-dev-server.js:577:20)
    at async DevServer.renderPageComponent (file://D:\funding\node_modules\next\dist\server\base-server.js:1910:24)
    at async DevServer.renderToResponseImpl (file://D:\funding\node_modules\next\dist\server\base-server.js:1962:32)
    at async DevServer.pipeImpl (file://D:\funding\node_modules\next\dist\server\base-server.js:922:25)
    at async NextNodeServer.handleCatchallRenderRequest (file://D:\funding\node_modules\next\dist\server\next-server.js:272:17)
    at async DevServer.handleRequestImpl (file://D:\funding\node_modules\next\dist\server\base-server.js:818:17)
    at async (file://D:\funding\node_modules\next\dist\server\dev\next-dev-server.js:339:20)
    at async Span.traceAsyncFn (file://D:\funding\node_modules\next\dist\trace\trace.js:154:20)
    at async DevServer.handleRequest (file://D:\funding\node_modules\next\dist\server\dev\next-dev-server.js:336:24)
    at async invokeRender (file://D:\funding\node_modules\next\dist\server\lib\router-server.js:179:21)
    at async handleRequest (file://D:\funding\node_modules\next\dist\server\lib\router-server.js:359:24)
    at async requestHandlerImpl (file://D:\funding\node_modules\next\dist\server\lib\router-server.js:383:13)
    at async Server.requestListener (file://D:\funding\node_modules\next\dist\server\lib\start-server.js:141:13)
[   83200ms] [LOG] [HMR] connected @ webpack-internal:///./node_modules/next/dist/client/components/react-dev-overlay/pages/websocket.js:38
[   83605ms] [ERROR] Failed to load resource: the server responded with a status of 500 (Internal Server Error) @ http://localhost:3000/courses:0
[   83719ms] [INFO] %cDownload the React DevTools for a better development experience: https://reactjs.org/link/react-devtools font-weight:bold @ webpack-internal:///./node_modules/react-dom/cjs/react-dom.development.js:29889
[   83729ms] Error: Cannot find module './948.js'
Require stack:
- D:\funding\.next\server\webpack-runtime.js
- D:\funding\.next\server\pages\_document.js
- D:\funding\node_modules\next\dist\server\require.js
- D:\funding\node_modules\next\dist\server\load-components.js
- D:\funding\node_modules\next\dist\build\utils.js
- D:\funding\node_modules\next\dist\server\dev\hot-middleware.js
- D:\funding\node_modules\next\dist\server\dev\hot-reloader-webpack.js
- D:\funding\node_modules\next\dist\server\lib\router-utils\setup-dev-bundler.js
- D:\funding\node_modules\next\dist\server\lib\router-server.js
- D:\funding\node_modules\next\dist\server\lib\start-server.js
    at Module.<anonymous> (node:internal/modules/cjs/loader:1500:15)
    at <unknown> (file://D:\funding\node_modules\next\dist\server\require-hook.js:55:36)
    at wrapResolveFilename (node:internal/modules/cjs/loader:1071:27)
    at defaultResolveImplForCJSLoading (node:internal/modules/cjs/loader:1095:10)
    at resolveForCJSWithHooks (node:internal/modules/cjs/loader:1116:12)
    at Module._load (node:internal/modules/cjs/loader:1285:25)
    at wrapModuleLoad (node:internal/modules/cjs/loader:255:19)
    at Module.<anonymous> (node:internal/modules/cjs/loader:1600:12)
    at mod.require (file://D:\funding\node_modules\next\dist\server\require-hook.js:65:28)
    at require (node:internal/modules/helpers:153:16)
    at __webpack_require__.f.require (file://D:\funding\.next\server\webpack-runtime.js:198:28)
    at <unknown> (file://D:\funding\.next\server\webpack-runtime.js:111:40)
    at Array.reduce (<anonymous>)
    at __webpack_require__.e (file://D:\funding\.next\server\webpack-runtime.js:110:67)
    at Array.map (<anonymous>)
    at __webpack_require__.X (file://D:\funding\.next\server\webpack-runtime.js:162:22)
    at <unknown> (file://D:\funding\.next\server\app\(website)\courses\page.js:1:5758)
    at Object.<anonymous> (file://D:\funding\.next\server\app\(website)\courses\page.js:1:5807)
    at Module._compile (node:internal/modules/cjs/loader:1854:14)
    at Object..js (node:internal/modules/cjs/loader:1985:10)
    at Module.load (node:internal/modules/cjs/loader:1577:32)
    at Module._load (node:internal/modules/cjs/loader:1379:12)
    at wrapModuleLoad (node:internal/modules/cjs/loader:255:19)
    at Module.<anonymous> (node:internal/modules/cjs/loader:1600:12)
    at mod.require (file://D:\funding\node_modules\next\dist\server\require-hook.js:65:28)
    at require (node:internal/modules/helpers:153:16)
    at requirePage (file://D:\funding\node_modules\next\dist\server\require.js:109:84)
    at <unknown> (file://D:\funding\node_modules\next\dist\server\load-components.js:103:84)
    at async loadComponentsImpl (file://D:\funding\node_modules\next\dist\server\load-components.js:103:26)
    at async DevServer.findPageComponentsImpl (file://D:\funding\node_modules\next\dist\server\next-server.js:714:36)
    at async DevServer.findPageComponents (file://D:\funding\node_modules\next\dist\server\dev\next-dev-server.js:577:20)
    at async DevServer.renderPageComponent (file://D:\funding\node_modules\next\dist\server\base-server.js:1910:24)
    at async DevServer.renderToResponseImpl (file://D:\funding\node_modules\next\dist\server\base-server.js:1962:32)
    at async DevServer.pipeImpl (file://D:\funding\node_modules\next\dist\server\base-server.js:922:25)
    at async NextNodeServer.handleCatchallRenderRequest (file://D:\funding\node_modules\next\dist\server\next-server.js:272:17)
    at async DevServer.handleRequestImpl (file://D:\funding\node_modules\next\dist\server\base-server.js:818:17)
    at async (file://D:\funding\node_modules\next\dist\server\dev\next-dev-server.js:339:20)
    at async Span.traceAsyncFn (file://D:\funding\node_modules\next\dist\trace\trace.js:154:20)
    at async DevServer.handleRequest (file://D:\funding\node_modules\next\dist\server\dev\next-dev-server.js:336:24)
    at async invokeRender (file://D:\funding\node_modules\next\dist\server\lib\router-server.js:179:21)
    at async handleRequest (file://D:\funding\node_modules\next\dist\server\lib\router-server.js:359:24)
    at async requestHandlerImpl (file://D:\funding\node_modules\next\dist\server\lib\router-server.js:383:13)
    at async Server.requestListener (file://D:\funding\node_modules\next\dist\server\lib\start-server.js:141:13)
[   83728ms] [LOG] [HMR] connected @ webpack-internal:///./node_modules/next/dist/client/components/react-dev-overlay/pages/websocket.js:38
