[      20ms] [ERROR] Failed to load resource: the server responded with a status of 500 (Internal Server Error) @ http://localhost:3000/login:0
[     239ms] [INFO] %cDownload the React DevTools for a better development experience: https://reactjs.org/link/react-devtools font-weight:bold @ webpack-internal:///./node_modules/react-dom/cjs/react-dom.development.js:29889
[     320ms] Error: Cannot find module './948.js'
Require stack:
- D:\funding\.next\server\webpack-runtime.js
- D:\funding\.next\server\app\(website)\courses\page.js
- D:\funding\node_modules\next\dist\server\require.js
- D:\funding\node_modules\next\dist\server\load-components.js
- D:\funding\node_modules\next\dist\build\utils.js
- D:\funding\node_modules\next\dist\server\dev\hot-middleware.js
- D:\funding\node_modules\next\dist\server\dev\hot-reloader-webpack.js
- D:\funding\node_modules\next\dist\server\lib\router-utils\setup-dev-bundler.js
- D:\funding\node_modules\next\dist\server\lib\router-server.js
- D:\funding\node_modules\next\dist\server\lib\start-server.js
    at Module.<anonymous> (node:internal/modules/cjs/loader:1500:15)
    at <unknown> (file://D:\funding\node_modules\next\dist\server\require-hook.js:55:36)
    at wrapResolveFilename (node:internal/modules/cjs/loader:1071:27)
    at defaultResolveImplForCJSLoading (node:internal/modules/cjs/loader:1095:10)
    at resolveForCJSWithHooks (node:internal/modules/cjs/loader:1116:12)
    at Module._load (node:internal/modules/cjs/loader:1285:25)
    at wrapModuleLoad (node:internal/modules/cjs/loader:255:19)
    at Module.<anonymous> (node:internal/modules/cjs/loader:1600:12)
    at mod.require (file://D:\funding\node_modules\next\dist\server\require-hook.js:65:28)
    at require (node:internal/modules/helpers:153:16)
    at __webpack_require__.f.require (file://D:\funding\.next\server\webpack-runtime.js:198:28)
    at <unknown> (file://D:\funding\.next\server\webpack-runtime.js:111:40)
    at Array.reduce (<anonymous>)
    at __webpack_require__.e (file://D:\funding\.next\server\webpack-runtime.js:110:67)
    at Array.map (<anonymous>)
    at __webpack_require__.X (file://D:\funding\.next\server\webpack-runtime.js:162:22)
    at <unknown> (file://D:\funding\.next\server\app\(website)\login\page.js:1:5534)
    at Object.<anonymous> (file://D:\funding\.next\server\app\(website)\login\page.js:1:5583)
    at Module._compile (node:internal/modules/cjs/loader:1854:14)
    at Object..js (node:internal/modules/cjs/loader:1985:10)
    at Module.load (node:internal/modules/cjs/loader:1577:32)
    at Module._load (node:internal/modules/cjs/loader:1379:12)
    at wrapModuleLoad (node:internal/modules/cjs/loader:255:19)
    at Module.<anonymous> (node:internal/modules/cjs/loader:1600:12)
    at mod.require (file://D:\funding\node_modules\next\dist\server\require-hook.js:65:28)
    at require (node:internal/modules/helpers:153:16)
    at requirePage (file://D:\funding\node_modules\next\dist\server\require.js:109:84)
    at <unknown> (file://D:\funding\node_modules\next\dist\server\load-components.js:103:84)
    at async loadComponentsImpl (file://D:\funding\node_modules\next\dist\server\load-components.js:103:26)
    at async DevServer.findPageComponentsImpl (file://D:\funding\node_modules\next\dist\server\next-server.js:714:36)
    at async DevServer.findPageComponents (file://D:\funding\node_modules\next\dist\server\dev\next-dev-server.js:577:20)
    at async DevServer.renderPageComponent (file://D:\funding\node_modules\next\dist\server\base-server.js:1910:24)
    at async DevServer.renderToResponseImpl (file://D:\funding\node_modules\next\dist\server\base-server.js:1962:32)
    at async DevServer.pipeImpl (file://D:\funding\node_modules\next\dist\server\base-server.js:922:25)
    at async NextNodeServer.handleCatchallRenderRequest (file://D:\funding\node_modules\next\dist\server\next-server.js:272:17)
    at async DevServer.handleRequestImpl (file://D:\funding\node_modules\next\dist\server\base-server.js:818:17)
    at async (file://D:\funding\node_modules\next\dist\server\dev\next-dev-server.js:339:20)
    at async Span.traceAsyncFn (file://D:\funding\node_modules\next\dist\trace\trace.js:154:20)
    at async DevServer.handleRequest (file://D:\funding\node_modules\next\dist\server\dev\next-dev-server.js:336:24)
    at async invokeRender (file://D:\funding\node_modules\next\dist\server\lib\router-server.js:179:21)
    at async handleRequest (file://D:\funding\node_modules\next\dist\server\lib\router-server.js:359:24)
    at async requestHandlerImpl (file://D:\funding\node_modules\next\dist\server\lib\router-server.js:383:13)
    at async Server.requestListener (file://D:\funding\node_modules\next\dist\server\lib\start-server.js:141:13)
[     311ms] [LOG] [HMR] connected @ webpack-internal:///./node_modules/next/dist/client/components/react-dev-overlay/pages/websocket.js:38
[     316ms] [ERROR] Failed to load resource: the server responded with a status of 404 (Not Found) @ http://localhost:3000/favicon.ico:0
[   82716ms] [LOG] [HMR] connected @ webpack-internal:///./node_modules/next/dist/client/components/react-dev-overlay/pages/websocket.js:38
[   82741ms] [LOG] [Fast Refresh] rebuilding @ webpack-internal:///./node_modules/next/dist/client/components/react-dev-overlay/pages/hot-reloader-client.js:221
[   83525ms] [LOG] [Fast Refresh] rebuilding @ webpack-internal:///./node_modules/next/dist/client/components/react-dev-overlay/pages/hot-reloader-client.js:221
[   84661ms] [ERROR] Failed to load resource: the server responded with a status of 404 (Not Found) @ http://localhost:3000/_next/static/webpack/24aa4520304ae612.webpack.hot-update.json:0
[   84661ms] [WARNING] [Fast Refresh] performing full reload because your application had an unrecoverable error @ webpack-internal:///./node_modules/next/dist/client/components/react-dev-overlay/pages/hot-reloader-client.js:349
[   84757ms] [VERBOSE] [DOM] Input elements should have autocomplete attributes (suggested: "current-password"): (More info: https://goo.gl/9p2vKq) %o @ http://localhost:3000/login:0
[   84998ms] [INFO] %cDownload the React DevTools for a better development experience: https://reactjs.org/link/react-devtools font-weight:bold @ webpack-internal:///(app-pages-browser)/./node_modules/next/dist/compiled/react-dom/cjs/react-dom.development.js:38559
